{"contracts/Cooldowner.sol":{"l":{"14":11,"18":15,"23":15,"24":11,"25":11,"29":9},"path":"/Users/jim/Git-Projects/One-Day-Cooldown-Function/contracts/Cooldowner.sol","s":{"1":11,"2":15,"3":15,"4":11,"5":9},"b":{"1":[11,4]},"f":{"1":11,"2":15,"3":15,"4":9},"fnMap":{"1":{"name":"_triggerCooldown","line":13,"loc":{"start":{"line":13,"column":4},"end":{"line":15,"column":4}}},"2":{"name":"_isReady","line":17,"loc":{"start":{"line":17,"column":4},"end":{"line":19,"column":4}}},"3":{"name":"claimDailyPrize","line":22,"loc":{"start":{"line":22,"column":4},"end":{"line":26,"column":4}}},"4":{"name":"getMyPrizes","line":28,"loc":{"start":{"line":28,"column":4},"end":{"line":30,"column":4}}}},"statementMap":{"1":{"start":{"line":14,"column":8},"end":{"line":14,"column":67}},"2":{"start":{"line":18,"column":8},"end":{"line":18,"column":53}},"3":{"start":{"line":23,"column":8},"end":{"line":23,"column":70}},"4":{"start":{"line":25,"column":8},"end":{"line":25,"column":35}},"5":{"start":{"line":29,"column":6},"end":{"line":29,"column":31}}},"branchMap":{"1":{"line":23,"type":"if","locations":[{"start":{"line":23,"column":8},"end":{"line":23,"column":8}},{"start":{"line":23,"column":8},"end":{"line":23,"column":8}}]}}}}